2024-11-07 21:38:53,302 - INFO - Main menu sent to user 1475149178
2024-11-07 21:38:54,552 - INFO - Exchange rates sent to user 1475149178
2024-11-07 21:38:56,043 - INFO - Weather info sent to user 1475149178
2024-11-07 21:38:57,447 - INFO - Vending menu shown to user 1475149178
2024-11-07 21:38:59,682 - WARNING - Unknown command from user 1475149178: saeco
2024-11-07 21:39:01,897 - INFO - Bianchi link sent to user 1475149178
2024-11-07 21:39:03,971 - INFO - Main menu sent to user 1475149178
2024-11-07 21:39:05,879 - INFO - Orki sent to user 1475149178
2024-11-07 21:39:07,060 - INFO - Main menu sent to user 1475149178
2024-11-07 21:39:09,393 - INFO - Price Iphone sent to user 1475149178
2024-11-07 21:39:11,962 - INFO - Main menu sent to user 1475149178
2024-11-07 21:39:13,419 - INFO - Top films sent to user 1475149178
2024-11-07 21:39:15,124 - INFO - Main menu sent to user 1475149178
2024-11-07 21:39:18,282 - INFO - NASA image sent to user 1475149178
2024-11-07 21:39:20,923 - INFO - About us sent to user 1475149178
2024-11-07 21:39:22,979 - INFO - About us sent to user 1475149178
2024-11-07 21:39:25,253 - INFO - Contact processed
2024-11-11 23:02:33,499 - INFO - About us sent to user 1475149178
2024-11-11 23:03:22,354 - INFO - About us sent to user 1475149178
2024-11-11 23:04:11,777 - INFO - About us sent to user 1475149178
2024-11-11 23:04:46,092 - INFO - About us sent to user 1475149178
2024-11-11 23:05:23,308 - INFO - About us sent to user 1475149178
2024-11-11 23:05:57,426 - INFO - About us sent to user 1475149178
2024-11-11 23:06:31,700 - INFO - About us sent to user 1475149178
2024-11-12 01:53:40,216 - ERROR - Failed to send about us: A request to the Telegram API was unsuccessful. Error code: 400. Description: Bad Request: message is too long
2024-11-12 01:56:08,345 - INFO - About us sent to user 1475149178
2024-11-12 01:58:04,207 - INFO - About us sent to user 1475149178
2024-11-12 01:59:53,878 - INFO - About us sent to user 1475149178
2024-11-12 02:00:26,674 - INFO - About us sent to user 1475149178
2024-11-12 02:01:49,332 - INFO - About us sent to user 1475149178
2024-11-12 15:48:51,083 - INFO - About us sent to user 1475149178
2024-11-12 15:50:40,769 - INFO - About us sent to user 1475149178
2024-11-12 15:51:32,854 - INFO - About us sent to user 1475149178
2024-11-19 20:17:42,630 - INFO - Main menu sent to user 1475149178
2024-11-19 20:17:45,308 - INFO - Price Iphone sent to user 1475149178
2024-11-19 20:18:12,612 - INFO - Main menu sent to user 1475149178
2024-11-19 20:18:16,624 - INFO - Orki sent to user 1475149178
2024-11-23 17:30:52,256 - INFO - Main menu sent to user 1475149178
2024-11-23 17:30:56,085 - INFO - Price Iphone sent to user 1475149178
2024-11-23 19:13:12,812 - INFO - About us sent to user 1475149178
2024-11-23 19:14:46,107 - INFO - About us sent to user 1475149178
2024-11-23 19:16:20,244 - INFO - About us sent to user 1475149178
2024-11-23 19:16:43,741 - INFO - About us sent to user 1475149178
2024-11-23 19:18:33,905 - INFO - About us sent to user 1475149178
2024-11-23 19:19:32,118 - INFO - About us sent to user 1475149178
2024-11-23 19:24:01,485 - INFO - About us sent to user 1475149178
2024-11-23 19:24:02,530 - ERROR - Failed to send about us: 'NoneType' object has no attribute 'find_all'
2024-11-23 19:25:34,490 - INFO - About us sent to user 1475149178
2024-11-23 19:29:15,591 - INFO - About us sent to user 1475149178
2024-12-19 12:24:14,947 - INFO - Main menu sent to user 1475149178
2024-12-19 12:24:21,591 - INFO - Start menu sent to user 1475149178
2024-12-19 12:24:24,759 - INFO - Main menu sent to user 1475149178
2024-12-19 12:24:26,821 - INFO - About us sent to user 1475149178
2024-12-19 12:24:29,901 - INFO - Contact processed
2024-12-19 12:24:31,303 - INFO - Main menu sent to user 1475149178
2024-12-19 12:24:43,796 - INFO - Main menu sent to user 1475149178
2024-12-19 12:50:17,879 - INFO - Main menu sent to user 1475149178
2024-12-19 12:50:49,483 - INFO - Main menu sent to user 1475149178
2024-12-19 12:50:50,562 - INFO - instructions for communicating with AI have been sent: 1475149178
2024-12-19 12:51:05,030 - INFO - Ai response sent to user: 1475149178
2024-12-19 12:52:08,783 - INFO - instructions for communicating with AI have been sent: 1475149178
2024-12-19 12:52:20,333 - INFO - Ai response sent to user: 1475149178
2024-12-19 13:02:59,189 - INFO - Main menu sent to user 1475149178
2024-12-19 13:03:00,284 - INFO - instructions for communicating with AI have been sent: 1475149178
2024-12-19 13:03:08,468 - INFO - Main menu sent to user 1475149178
2024-12-19 13:03:09,477 - INFO - instructions for communicating with AI have been sent: 1475149178
2024-12-19 13:03:28,910 - INFO - Ai response sent to user: 1475149178
2024-12-19 13:03:54,382 - INFO - Ai response sent to user: 1475149178
2024-12-19 13:05:13,917 - INFO - Main menu sent to user 1475149178
2024-12-19 13:05:32,078 - INFO - Ai response sent to user: 1475149178
2024-12-19 13:06:14,039 - INFO - Ai response sent to user: 1475149178
2024-12-19 13:07:48,691 - INFO - Main menu sent to user 1475149178
2024-12-19 13:07:49,698 - INFO - instructions for communicating with AI have been sent: 1475149178
2024-12-19 13:07:53,014 - INFO - Main menu sent to user 1475149178
2024-12-19 13:07:54,266 - INFO - instructions for communicating with AI have been sent: 1475149178
2024-12-19 13:08:21,672 - INFO - Start menu sent to user 1475149178
2024-12-19 13:08:22,869 - INFO - Main menu sent to user 1475149178
2024-12-19 13:08:23,709 - INFO - instructions for communicating with AI have been sent: 1475149178
2024-12-19 13:08:52,345 - INFO - Ai response sent to user: 1475149178
2024-12-19 13:09:43,406 - INFO - Ai response sent to user: 1475149178
2024-12-19 13:10:25,400 - INFO - Ai response sent to user: 1475149178
2024-12-19 13:10:53,874 - INFO - Ai response sent to user: 1475149178
2024-12-19 13:11:42,519 - INFO - Ai response sent to user: 1475149178
2024-12-19 13:12:18,030 - INFO - Ai response sent to user: 1475149178
